/data/apps/linux-centos8-cascadelake/gcc-9.3.0/anaconda3-2020.07-i7qavhiohb2uwqs4eqjeefzx3kp5jqdu/etc/profile.d/conda.csh: line 1: setenv: command not found
/data/apps/linux-centos8-cascadelake/gcc-9.3.0/anaconda3-2020.07-i7qavhiohb2uwqs4eqjeefzx3kp5jqdu/etc/profile.d/conda.csh: line 2: setenv: command not found
/data/apps/linux-centos8-cascadelake/gcc-9.3.0/anaconda3-2020.07-i7qavhiohb2uwqs4eqjeefzx3kp5jqdu/etc/profile.d/conda.csh: line 3: setenv: command not found
/data/apps/linux-centos8-cascadelake/gcc-9.3.0/anaconda3-2020.07-i7qavhiohb2uwqs4eqjeefzx3kp5jqdu/etc/profile.d/conda.csh: line 4: setenv: command not found
/data/apps/linux-centos8-cascadelake/gcc-9.3.0/anaconda3-2020.07-i7qavhiohb2uwqs4eqjeefzx3kp5jqdu/etc/profile.d/conda.csh: line 34: syntax error near unexpected token `"${1}"'
/data/apps/linux-centos8-cascadelake/gcc-9.3.0/anaconda3-2020.07-i7qavhiohb2uwqs4eqjeefzx3kp5jqdu/etc/profile.d/conda.csh: line 34: `    switch ( "${1}" )'
Train dataset:
Dataset({
    features: ['labels', 'input_ids', 'token_type_ids', 'attention_mask'],
    num_rows: 10
})
Test dataset:
Dataset({
    features: ['labels', 'input_ids', 'token_type_ids', 'attention_mask'],
    num_rows: 681
})
Using cuda
Training type is head , Learning rate is 0.001
 >>>>>>>>  Initializing optimizer
Epoch 1 training:
0it [00:00, ?it/s]1it [00:01,  1.80s/it]2it [00:02,  1.07it/s]2it [00:02,  1.06s/it]
 ===> Epoch 1
 - Average training metrics: accuracy={'accuracy': 0.005078125}
 - Average validation metrics: accuracy={'accuracy': 0.01402530178214299}
Epoch 1 took 37.96958255767822 seconds
Epoch 2 training:
0it [00:00, ?it/s]1it [00:01,  1.23s/it]2it [00:01,  1.43it/s]2it [00:01,  1.28it/s]
 ===> Epoch 2
 - Average training metrics: accuracy={'accuracy': 0.012109375}
 - Average validation metrics: accuracy={'accuracy': 0.04866068354488489}
Epoch 2 took 37.40135312080383 seconds
Epoch 3 training:
0it [00:00, ?it/s]1it [00:01,  1.23s/it]2it [00:01,  1.43it/s]2it [00:01,  1.28it/s]
 ===> Epoch 3
 - Average training metrics: accuracy={'accuracy': 0.0537109375}
 - Average validation metrics: accuracy={'accuracy': 0.26485636930983847}
Epoch 3 took 37.5651535987854 seconds
Epoch 4 training:
0it [00:00, ?it/s]1it [00:01,  1.23s/it]2it [00:01,  1.43it/s]2it [00:01,  1.28it/s]
 ===> Epoch 4
 - Average training metrics: accuracy={'accuracy': 0.3154296875}
 - Average validation metrics: accuracy={'accuracy': 0.73914452551395}
Epoch 4 took 37.456108808517456 seconds
Epoch 5 training:
0it [00:00, ?it/s]1it [00:01,  1.23s/it]2it [00:01,  1.43it/s]2it [00:01,  1.28it/s]
 ===> Epoch 5
 - Average training metrics: accuracy={'accuracy': 0.78515625}
 - Average validation metrics: accuracy={'accuracy': 0.8780362572428432}
Epoch 5 took 37.39357399940491 seconds
