/data/apps/linux-centos8-cascadelake/gcc-9.3.0/anaconda3-2020.07-i7qavhiohb2uwqs4eqjeefzx3kp5jqdu/etc/profile.d/conda.csh: line 1: setenv: command not found
/data/apps/linux-centos8-cascadelake/gcc-9.3.0/anaconda3-2020.07-i7qavhiohb2uwqs4eqjeefzx3kp5jqdu/etc/profile.d/conda.csh: line 2: setenv: command not found
/data/apps/linux-centos8-cascadelake/gcc-9.3.0/anaconda3-2020.07-i7qavhiohb2uwqs4eqjeefzx3kp5jqdu/etc/profile.d/conda.csh: line 3: setenv: command not found
/data/apps/linux-centos8-cascadelake/gcc-9.3.0/anaconda3-2020.07-i7qavhiohb2uwqs4eqjeefzx3kp5jqdu/etc/profile.d/conda.csh: line 4: setenv: command not found
/data/apps/linux-centos8-cascadelake/gcc-9.3.0/anaconda3-2020.07-i7qavhiohb2uwqs4eqjeefzx3kp5jqdu/etc/profile.d/conda.csh: line 34: syntax error near unexpected token `"${1}"'
/data/apps/linux-centos8-cascadelake/gcc-9.3.0/anaconda3-2020.07-i7qavhiohb2uwqs4eqjeefzx3kp5jqdu/etc/profile.d/conda.csh: line 34: `    switch ( "${1}" )'
Using cuda
 >>>>>>>>  Initializing optimizer
Epoch 1 training:
0it [00:00, ?it/s]1it [00:01,  1.73s/it]2it [00:02,  1.08it/s]2it [00:02,  1.04s/it]
 ===> Epoch 1
 - Average training metrics: accuracy={'accuracy': 0.01015625}
 - Average validation metrics: accuracy={'accuracy': 0.14569566813509544}
Epoch 1 took 38.01592183113098 seconds
Epoch 2 training:
0it [00:00, ?it/s]1it [00:01,  1.26s/it]2it [00:01,  1.43it/s]2it [00:01,  1.28it/s]
 ===> Epoch 2
 - Average training metrics: accuracy={'accuracy': 0.279537149817296}
 - Average validation metrics: accuracy={'accuracy': 0.88693671989721}
Epoch 2 took 37.34806776046753 seconds
Epoch 3 training:
0it [00:00, ?it/s]1it [00:01,  1.26s/it]2it [00:01,  1.37it/s]2it [00:01,  1.23it/s]
 ===> Epoch 3
 - Average training metrics: accuracy={'accuracy': 0.8326171875}
 - Average validation metrics: accuracy={'accuracy': 0.8893774091409692}
Epoch 3 took 37.4589638710022 seconds
Epoch 4 training:
0it [00:00, ?it/s]1it [00:01,  1.26s/it]2it [00:01,  1.37it/s]2it [00:01,  1.24it/s]
 ===> Epoch 4
 - Average training metrics: accuracy={'accuracy': 0.833203125}
 - Average validation metrics: accuracy={'accuracy': 0.8893774091409692}
Epoch 4 took 37.43711996078491 seconds
Epoch 5 training:
0it [00:00, ?it/s]1it [00:01,  1.26s/it]2it [00:01,  1.37it/s]2it [00:01,  1.24it/s]
 ===> Epoch 5
 - Average training metrics: accuracy={'accuracy': 0.833203125}
 - Average validation metrics: accuracy={'accuracy': 0.8893774091409692}
Epoch 5 took 37.72523021697998 seconds
