/data/apps/linux-centos8-cascadelake/gcc-9.3.0/anaconda3-2020.07-i7qavhiohb2uwqs4eqjeefzx3kp5jqdu/etc/profile.d/conda.csh: line 1: setenv: command not found
/data/apps/linux-centos8-cascadelake/gcc-9.3.0/anaconda3-2020.07-i7qavhiohb2uwqs4eqjeefzx3kp5jqdu/etc/profile.d/conda.csh: line 2: setenv: command not found
/data/apps/linux-centos8-cascadelake/gcc-9.3.0/anaconda3-2020.07-i7qavhiohb2uwqs4eqjeefzx3kp5jqdu/etc/profile.d/conda.csh: line 3: setenv: command not found
/data/apps/linux-centos8-cascadelake/gcc-9.3.0/anaconda3-2020.07-i7qavhiohb2uwqs4eqjeefzx3kp5jqdu/etc/profile.d/conda.csh: line 4: setenv: command not found
/data/apps/linux-centos8-cascadelake/gcc-9.3.0/anaconda3-2020.07-i7qavhiohb2uwqs4eqjeefzx3kp5jqdu/etc/profile.d/conda.csh: line 34: syntax error near unexpected token `"${1}"'
/data/apps/linux-centos8-cascadelake/gcc-9.3.0/anaconda3-2020.07-i7qavhiohb2uwqs4eqjeefzx3kp5jqdu/etc/profile.d/conda.csh: line 34: `    switch ( "${1}" )'
Using cuda
 >>>>>>>>  Initializing optimizer
Epoch 1 training:
0it [00:00, ?it/s]1it [00:01,  1.76s/it]2it [00:02,  1.07it/s]2it [00:02,  1.06s/it]
 ===> Epoch 1
 - Average training metrics: accuracy={'accuracy': 0.18359375}
Epoch {epoch + 1} took {epoch_end_time - epoch_start_time} seconds
Epoch 2 training:
0it [00:00, ?it/s]1it [00:01,  1.26s/it]2it [00:01,  1.37it/s]2it [00:01,  1.23it/s]
 ===> Epoch 2
 - Average training metrics: accuracy={'accuracy': 0.6806640625}
Epoch {epoch + 1} took {epoch_end_time - epoch_start_time} seconds
Epoch 3 training:
0it [00:00, ?it/s]1it [00:01,  1.26s/it]2it [00:01,  1.37it/s]2it [00:01,  1.24it/s]
 ===> Epoch 3
 - Average training metrics: accuracy={'accuracy': 0.8595703125}
Epoch {epoch + 1} took {epoch_end_time - epoch_start_time} seconds
Epoch 4 training:
0it [00:00, ?it/s]1it [00:01,  1.26s/it]2it [00:01,  1.37it/s]2it [00:01,  1.24it/s]
 ===> Epoch 4
 - Average training metrics: accuracy={'accuracy': 0.859765625}
Epoch {epoch + 1} took {epoch_end_time - epoch_start_time} seconds
Epoch 5 training:
0it [00:00, ?it/s]1it [00:01,  1.26s/it]2it [00:01,  1.37it/s]2it [00:01,  1.23it/s]
 ===> Epoch 5
 - Average training metrics: accuracy={'accuracy': 0.859765625}
Epoch {epoch + 1} took {epoch_end_time - epoch_start_time} seconds
