/data/apps/linux-centos8-cascadelake/gcc-9.3.0/anaconda3-2020.07-i7qavhiohb2uwqs4eqjeefzx3kp5jqdu/etc/profile.d/conda.csh: line 1: setenv: command not found
/data/apps/linux-centos8-cascadelake/gcc-9.3.0/anaconda3-2020.07-i7qavhiohb2uwqs4eqjeefzx3kp5jqdu/etc/profile.d/conda.csh: line 2: setenv: command not found
/data/apps/linux-centos8-cascadelake/gcc-9.3.0/anaconda3-2020.07-i7qavhiohb2uwqs4eqjeefzx3kp5jqdu/etc/profile.d/conda.csh: line 3: setenv: command not found
/data/apps/linux-centos8-cascadelake/gcc-9.3.0/anaconda3-2020.07-i7qavhiohb2uwqs4eqjeefzx3kp5jqdu/etc/profile.d/conda.csh: line 4: setenv: command not found
/data/apps/linux-centos8-cascadelake/gcc-9.3.0/anaconda3-2020.07-i7qavhiohb2uwqs4eqjeefzx3kp5jqdu/etc/profile.d/conda.csh: line 34: syntax error near unexpected token `"${1}"'
/data/apps/linux-centos8-cascadelake/gcc-9.3.0/anaconda3-2020.07-i7qavhiohb2uwqs4eqjeefzx3kp5jqdu/etc/profile.d/conda.csh: line 34: `    switch ( "${1}" )'
Using cuda
 >>>>>>>>  Initializing optimizer
Epoch 1 training:
0it [00:00, ?it/s]1it [00:01,  1.76s/it]2it [00:02,  1.09it/s]2it [00:02,  1.04s/it]
 ===> Epoch 1
 - Average training metrics: accuracy={'accuracy': 0.0501953125}
 - Average validation metrics: accuracy={'accuracy': 0.04678035517621145}
Epoch 1 took 37.87566637992859 seconds
Epoch 2 training:
0it [00:00, ?it/s]1it [00:01,  1.23s/it]2it [00:01,  1.44it/s]2it [00:01,  1.29it/s]
 ===> Epoch 2
 - Average training metrics: accuracy={'accuracy': 0.050390625}
 - Average validation metrics: accuracy={'accuracy': 0.056672173274596185}
Epoch 2 took 37.3072144985199 seconds
Epoch 3 training:
0it [00:00, ?it/s]1it [00:01,  1.23s/it]2it [00:01,  1.44it/s]2it [00:01,  1.29it/s]
 ===> Epoch 3
 - Average training metrics: accuracy={'accuracy': 0.063671875}
 - Average validation metrics: accuracy={'accuracy': 0.07903129588839941}
Epoch 3 took 37.671831130981445 seconds
Epoch 4 training:
0it [00:00, ?it/s]1it [00:01,  1.23s/it]2it [00:01,  1.44it/s]2it [00:01,  1.29it/s]
 ===> Epoch 4
 - Average training metrics: accuracy={'accuracy': 0.0802734375}
 - Average validation metrics: accuracy={'accuracy': 0.12131610356224752}
Epoch 4 took 37.682532787323 seconds
Epoch 5 training:
0it [00:00, ?it/s]1it [00:01,  1.23s/it]2it [00:01,  1.44it/s]2it [00:01,  1.29it/s]
 ===> Epoch 5
 - Average training metrics: accuracy={'accuracy': 0.1314453125}
 - Average validation metrics: accuracy={'accuracy': 0.19830385003671072}
Epoch 5 took 37.37405276298523 seconds
